minimal.xml(7): warning SC2002 : Undefined property: 'ApplicationMenu'. Using default value.
minimal.xml(7): warning SC2002 : Undefined property: 'Tab'. Using default value.
minimal.xml(7): warning SC2002 : Undefined property: 'QuickAccessToolbar'. Using default value.
minimal.xml : warning SC2001 at /Application/Application.Views/Ribbon/Ribbon.ApplicationMenu/ApplicationMenu: Undefined Command on element.
minimal.xml : warning SC2001 at /Application/Application.Views/Ribbon/Ribbon.Tabs/Tab: Undefined Command on element.
minimal.xml : warning SC2001 at /Application/Application.Views/Ribbon/Ribbon.QuickAccessToolbar/QuickAccessToolbar: Undefined Command on element.
Header file generation successful: 'minimal.h'.
Ribbon markup file validation successful: 'minimal.xml'.
Ribbon resource file generation successful: 'minimal.rc'.
Microsoft (R) Windows (R) Resource Compiler Version 10.0.10011.16384
Copyright (C) Microsoft Corporation.  All rights reserved.

minimal.xml(7): warning SC2002 : Undefined property: 'ApplicationMenu'. Using default value.
minimal.xml(7): warning SC2002 : Undefined property: 'Tab'. Using default value.
minimal.xml(7): warning SC2002 : Undefined property: 'QuickAccessToolbar'. Using default value.
minimal.xml : warning SC2001 at /Application/Application.Views/Ribbon/Ribbon.ApplicationMenu/ApplicationMenu: Undefined Command on element.
minimal.xml : warning SC2001 at /Application/Application.Views/Ribbon/Ribbon.Tabs/Tab: Undefined Command on element.
minimal.xml : warning SC2001 at /Application/Application.Views/Ribbon/Ribbon.QuickAccessToolbar/QuickAccessToolbar: Undefined Command on element.
Header file generation successful: 'minimal.h'.
Ribbon markup file validation successful: 'minimal.xml'.
Ribbon resource file generation successful: 'minimal.rc'.
Microsoft (R) Windows (R) Resource Compiler Version 10.0.10011.16384
Copyright (C) Microsoft Corporation.  All rights reserved.

minimal.xml(7): warning SC2002 : Undefined property: 'ApplicationMenu'. Using default value.
minimal.xml(7): warning SC2002 : Undefined property: 'Tab'. Using default value.
minimal.xml(7): warning SC2002 : Undefined property: 'QuickAccessToolbar'. Using default value.
minimal.xml : warning SC2001 at /Application/Application.Views/Ribbon/Ribbon.ApplicationMenu/ApplicationMenu: Undefined Command on element.
minimal.xml : warning SC2001 at /Application/Application.Views/Ribbon/Ribbon.Tabs/Tab: Undefined Command on element.
minimal.xml : warning SC2001 at /Application/Application.Views/Ribbon/Ribbon.QuickAccessToolbar/QuickAccessToolbar: Undefined Command on element.
Header file generation successful: 'minimal.h'.
Ribbon markup file validation successful: 'minimal.xml'.
Ribbon resource file generation successful: 'minimal.rc'.
Microsoft (R) Windows (R) Resource Compiler Version 10.0.10011.16384
Copyright (C) Microsoft Corporation.  All rights reserved.

